\BOOKMARK [0][-]{MUTESCHAPTER.1.0}{\376\377\000A\000b\000s\000t\000r\000a\000c\000t}{}% 1
\BOOKMARK [0][-]{MUTESCHAPTER.2.0}{\376\377\000R\000e\000s\000u\000m\000o}{}% 2
\BOOKMARK [0][-]{MUTESCHAPTER.3.0}{\376\377\000L\000i\000s\000t\000\040\000o\000f\000\040\000F\000i\000g\000u\000r\000e\000s}{}% 3
\BOOKMARK [0][-]{MUTESCHAPTER.4.0}{\376\377\000L\000i\000s\000t\000\040\000o\000f\000\040\000T\000a\000b\000l\000e\000s}{}% 4
\BOOKMARK [0][-]{MUTESCHAPTER.5.0}{\376\377\000L\000i\000s\000t\000\040\000o\000f\000\040\000A\000b\000b\000r\000e\000v\000i\000a\000t\000i\000o\000n\000s\000\040\000a\000n\000d\000\040\000A\000c\000r\000o\000n\000y\000m\000s}{}% 5
\BOOKMARK [0][-]{MUTESCHAPTER.6.0}{\376\377\000C\000o\000n\000t\000e\000n\000t\000s}{}% 6
\BOOKMARK [0][-]{CHAPTER.1}{\376\377\0001\000\040\000I\000n\000t\000r\000o\000d\000u\000c\000t\000i\000o\000n}{}% 7
\BOOKMARK [1][-]{section.1.1}{\376\377\0001\000.\0001\000\040\000O\000u\000t\000l\000i\000n\000e}{CHAPTER.1}% 8
\BOOKMARK [1][-]{section.1.2}{\376\377\0001\000.\0002\000\040\000C\000o\000n\000t\000r\000i\000b\000u\000t\000i\000o\000n\000s}{CHAPTER.1}% 9
\BOOKMARK [0][-]{CHAPTER.2}{\376\377\0002\000\040\000T\000h\000e\000o\000r\000e\000t\000i\000c\000a\000l\000\040\000B\000a\000c\000k\000g\000r\000o\000u\000n\000d}{}% 10
\BOOKMARK [1][-]{section.2.1}{\376\377\0002\000.\0001\000\040\000T\000h\000e\000\040\000B\000a\000s\000i\000c\000s\000\040\000o\000f\000\040\000M\000o\000b\000i\000l\000e\000\040\000R\000o\000b\000o\000t\000i\000c\000s}{CHAPTER.2}% 11
\BOOKMARK [1][-]{section.2.2}{\376\377\0002\000.\0002\000\040\000O\000S\000\040\000p\000r\000o\000b\000l\000e\000m\000\040\000f\000o\000r\000m\000u\000l\000a\000t\000i\000o\000n}{CHAPTER.2}% 12
\BOOKMARK [0][-]{CHAPTER.3}{\376\377\0003\000\040\000T\000e\000x\000t\000\040\000a\000s\000\040\000s\000o\000u\000r\000c\000e\000\040\000o\000f\000\040\000s\000e\000m\000a\000n\000t\000i\000c\000\040\000i\000n\000f\000o\000r\000m\000a\000t\000i\000o\000n\000\040\000f\000o\000r\000\040\000v\000i\000s\000u\000a\000l\000\040\000o\000b\000j\000e\000c\000t\000\040\000s\000e\000a\000r\000c\000h\000\040\000i\000n\000\040\000l\000a\000r\000g\000e\000\040\000a\000n\000d\000\040\000u\000n\000k\000n\000o\000w\000n\000\040\000e\000n\000v\000i\000r\000o\000n\000m\000e\000n\000t\000s}{}% 13
\BOOKMARK [1][-]{section.3.1}{\376\377\0003\000.\0001\000\040\000I\000n\000t\000r\000o\000d\000u\000c\000t\000i\000o\000n}{CHAPTER.3}% 14
\BOOKMARK [2][-]{subsection.3.1.1}{\376\377\0003\000.\0001\000.\0001\000\040\000P\000r\000o\000p\000o\000s\000a\000l\000\040\000a\000n\000d\000\040\000c\000o\000n\000t\000r\000i\000b\000u\000t\000i\000o\000n\000s}{section.3.1}% 15
\BOOKMARK [1][-]{section.3.2}{\376\377\0003\000.\0002\000\040\000S\000e\000m\000a\000n\000t\000i\000c\000-\000b\000a\000s\000e\000d\000\040\000O\000S\000\040\000s\000y\000s\000t\000e\000m}{CHAPTER.3}% 16
\BOOKMARK [2][-]{subsection.3.2.1}{\376\377\0003\000.\0002\000.\0001\000\040\000O\000v\000e\000r\000v\000i\000e\000w}{section.3.2}% 17
\BOOKMARK [2][-]{subsection.3.2.2}{\376\377\0003\000.\0002\000.\0002\000\040\000M\000a\000p\000p\000i\000n\000g\000\040\000m\000o\000d\000u\000l\000e}{section.3.2}% 18
\BOOKMARK [2][-]{subsection.3.2.3}{\376\377\0003\000.\0002\000.\0003\000\040\000M\000a\000p\000\040\000S\000e\000g\000m\000e\000n\000t\000a\000t\000i\000o\000n\000\040\000m\000o\000d\000u\000l\000e}{section.3.2}% 19
\BOOKMARK [2][-]{subsection.3.2.4}{\376\377\0003\000.\0002\000.\0004\000\040\000I\000m\000a\000g\000e\000\040\000P\000r\000o\000c\000e\000s\000s\000i\000n\000g\000\040\000m\000o\000d\000u\000l\000e}{section.3.2}% 20
\BOOKMARK [1][-]{section.3.3}{\376\377\0003\000.\0003\000\040\000S\000e\000m\000a\000n\000t\000i\000c\000\040\000P\000l\000a\000n\000n\000e\000r}{CHAPTER.3}% 21
\BOOKMARK [2][-]{subsection.3.3.1}{\376\377\0003\000.\0003\000.\0001\000\040\000F\000i\000n\000a\000l\000\040\000f\000o\000r\000m\000u\000l\000a}{section.3.3}% 22
\BOOKMARK [2][-]{subsection.3.3.2}{\376\377\0003\000.\0003\000.\0002\000\040\000G\000r\000o\000w\000i\000n\000g\000\040\000D\000i\000r\000e\000c\000t\000i\000o\000n\000\040\000f\000a\000c\000t\000o\000r}{section.3.3}% 23
\BOOKMARK [2][-]{subsection.3.3.3}{\376\377\0003\000.\0003\000.\0003\000\040\000P\000a\000r\000i\000t\000y\000\040\000f\000a\000c\000t\000o\000r}{section.3.3}% 24
\BOOKMARK [2][-]{subsection.3.3.4}{\376\377\0003\000.\0003\000.\0004\000\040\000R\000o\000b\000o\000t\000\040\000a\000n\000d\000\040\000D\000o\000o\000r\000\040\000O\000r\000i\000e\000n\000t\000a\000t\000i\000o\000n\000\040\000f\000a\000c\000t\000o\000r\000s}{section.3.3}% 25
\BOOKMARK [2][-]{subsection.3.3.5}{\376\377\0003\000.\0003\000.\0005\000\040\000D\000i\000s\000t\000a\000n\000c\000e\000\040\000f\000a\000c\000t\000o\000r}{section.3.3}% 26
\BOOKMARK [1][-]{section.3.4}{\376\377\0003\000.\0004\000\040\000E\000x\000p\000e\000r\000i\000m\000e\000n\000t\000s\000\040\000a\000n\000d\000\040\000R\000e\000s\000u\000l\000t\000s}{CHAPTER.3}% 27
\BOOKMARK [2][-]{subsection.3.4.1}{\376\377\0003\000.\0004\000.\0001\000\040\000S\000i\000m\000u\000l\000a\000t\000e\000d\000\040\000E\000x\000p\000e\000r\000i\000m\000e\000n\000t\000\040\000S\000e\000t\000u\000p}{section.3.4}% 28
\BOOKMARK [2][-]{subsection.3.4.2}{\376\377\0003\000.\0004\000.\0002\000\040\000S\000e\000m\000a\000n\000t\000i\000c\000\040\000a\000n\000d\000\040\000G\000r\000e\000e\000d\000y\000\040\000O\000S\000\040\000s\000y\000s\000t\000e\000m\000s}{section.3.4}% 29
\BOOKMARK [2][-]{subsection.3.4.3}{\376\377\0003\000.\0004\000.\0003\000\040\000H\000u\000m\000a\000n\000\040\000p\000a\000r\000t\000i\000c\000i\000p\000a\000n\000t\000s\000\040\000p\000e\000r\000f\000o\000r\000m\000a\000n\000c\000e\000\040\000i\000n\000\040\000o\000b\000j\000e\000c\000t\000\040\000s\000e\000a\000r\000c\000h\000i\000n\000g\000\040\000t\000a\000s\000k}{section.3.4}% 30
\BOOKMARK [2][-]{subsection.3.4.4}{\376\377\0003\000.\0004\000.\0004\000\040\000E\000x\000p\000e\000r\000i\000m\000e\000n\000t\000s\000\040\000U\000s\000i\000n\000g\000\040\000a\000\040\000P\000h\000y\000s\000i\000c\000a\000l\000\040\000R\000o\000b\000o\000t}{section.3.4}% 31
\BOOKMARK [1][-]{section.3.5}{\376\377\0003\000.\0005\000\040\000R\000e\000l\000a\000t\000e\000d\000\040\000W\000o\000r\000k}{CHAPTER.3}% 32
\BOOKMARK [1][-]{section.3.6}{\376\377\0003\000.\0006\000\040\000S\000u\000m\000m\000a\000r\000y}{CHAPTER.3}% 33
\BOOKMARK [0][-]{schapter.7}{\376\377\000R\000e\000f\000e\000r\000e\000n\000c\000e\000s}{}% 34
\BOOKMARK [0][-]{CHAPTER.A}{\376\377\000A\000p\000p\000e\000n\000d\000i\000x\000\040\000A\000\040\040\024\000\040\000R\000e\000s\000u\000m\000o\000\040\000e\000x\000p\000a\000n\000d\000i\000d\000o}{}% 35
